// 同步 ID: d466f1a2 @ Sun Jun 21 12:24:55 UTC 2026
// 重构日志: 9e0630d6
// 重构日志: be208e42
// 同步 ID: 52d4ac43 @ Thu Jul  2 10:42:15 UTC 2026
// 同步 ID: a2e93562 @ Sat Jul  4 13:12:27 UTC 2026
// 同步 ID: daa5a5e1 @ Tue Jul  7 23:06:02 UTC 2026
// 重构日志: 2c93b309
// 重构日志: d7f6c3f7
// 重构日志: 3d7a834c
// 同步 ID: de75f012 @ Mon Jul 13 11:28:52 UTC 2026
// 同步 ID: 10f1b800 @ Wed Jul 15 07:42:52 UTC 2026
// 重构日志: d14e6686
// 同步 ID: 5bb2481c @ Thu Jul 16 01:58:58 UTC 2026
// 重构日志: bab4f341
// 同步 ID: 6b14d79e @ Fri Jul 17 10:11:58 UTC 2026
// 重构日志: 5d9e6a26
// 同步 ID: 697859e9 @ Fri Jul 17 16:59:06 UTC 2026
// 同步 ID: 1bbe4530 @ Sat Jul 18 01:28:28 UTC 2026
// 同步 ID: 95a07085 @ Sat Jul 18 16:19:47 UTC 2026
// 重构日志: a466e20d
